{"level":"info","message":"Running on Node.js - Version 16.17.0","timestamp":"2022-10-15 14:34:56"}
{"level":"info","message":"Foundry Virtual Tabletop - Version 9 Build 280","timestamp":"2022-10-15 14:34:56"}
{"level":"info","message":"Loading data from user directory - /data","timestamp":"2022-10-15 14:34:56"}
{"level":"info","message":"Application Options:\n{\n  \"port\": 30000,\n  \"upnp\": false,\n  \"fullscreen\": false,\n  \"hostname\": null,\n  \"localHostname\": null,\n  \"routePrefix\": null,\n  \"sslCert\": null,\n  \"sslKey\": null,\n  \"awsConfig\": null,\n  \"dataPath\": \"/data\",\n  \"passwordSalt\": null,\n  \"proxySSL\": false,\n  \"proxyPort\": null,\n  \"serviceConfig\": null,\n  \"updateChannel\": \"release\",\n  \"language\": \"en.core\",\n  \"upnpLeaseDuration\": null,\n  \"compressStatic\": true,\n  \"world\": null,\n  \"isElectron\": false,\n  \"isNode\": true,\n  \"isSSL\": false,\n  \"noupdate\": true,\n  \"noIPDiscovery\": false,\n  \"demo\": null,\n  \"adminKey\": \"****************\"\n}","timestamp":"2022-10-15 14:34:56"}
{"level":"warn","message":"Software license requires signature.","timestamp":"2022-10-15 14:34:56"}
{"level":"info","message":"Server started and listening on port 30000","timestamp":"2022-10-15 14:34:56"}
{"level":"info","message":"Created client session 66ff11ef9e5ac0ed1d9dd875","timestamp":"2022-10-15 14:35:19"}
{"level":"info","message":"Shutting down Foundry Virtual Tabletop server","timestamp":"2022-10-15 14:37:11"}
{"level":"info","message":"Running on Node.js - Version 16.17.0","timestamp":"2022-10-15 14:37:37"}
{"level":"info","message":"Foundry Virtual Tabletop - Version 9 Build 280","timestamp":"2022-10-15 14:37:37"}
{"level":"info","message":"Loading data from user directory - /data","timestamp":"2022-10-15 14:37:37"}
{"level":"info","message":"Application Options:\n{\n  \"port\": 30000,\n  \"upnp\": false,\n  \"fullscreen\": false,\n  \"hostname\": null,\n  \"localHostname\": null,\n  \"routePrefix\": null,\n  \"sslCert\": null,\n  \"sslKey\": null,\n  \"awsConfig\": null,\n  \"dataPath\": \"/data\",\n  \"passwordSalt\": null,\n  \"proxySSL\": false,\n  \"proxyPort\": null,\n  \"serviceConfig\": null,\n  \"updateChannel\": \"release\",\n  \"language\": \"en.core\",\n  \"upnpLeaseDuration\": null,\n  \"compressStatic\": true,\n  \"world\": null,\n  \"isElectron\": false,\n  \"isNode\": true,\n  \"isSSL\": false,\n  \"noupdate\": true,\n  \"noIPDiscovery\": false,\n  \"demo\": null,\n  \"adminKey\": \"****************\"\n}","timestamp":"2022-10-15 14:37:37"}
{"level":"warn","message":"Software license requires signature.","timestamp":"2022-10-15 14:37:37"}
{"level":"info","message":"Server started and listening on port 30000","timestamp":"2022-10-15 14:37:37"}
{"level":"info","message":"Created client session 110d22be326343a580ab7a47","timestamp":"2022-10-15 14:37:59"}
{"level":"info","message":"Created client session b9be66141bf224b70f962794","timestamp":"2022-10-15 14:38:04"}
{"level":"info","message":"License signature successfully created. Thank you and please enjoy Foundry Virtual Tabletop.","timestamp":"2022-10-15 14:38:10"}
{"level":"info","message":"Software license verification succeeded","timestamp":"2022-10-15 14:38:10"}
{"level":"info","message":"Administrator authentication successful for session b9be66141bf224b70f962794","timestamp":"2022-10-15 14:38:15"}
{"level":"info","message":"Downloading Package - 1%","timestamp":"2022-10-15 14:38:30"}
{"level":"info","message":"Downloading Package - 2%","timestamp":"2022-10-15 14:38:30"}
{"level":"info","message":"Downloading Package - 3%","timestamp":"2022-10-15 14:38:30"}
{"level":"info","message":"Downloading Package - 4%","timestamp":"2022-10-15 14:38:30"}
{"level":"info","message":"Downloading Package - 5%","timestamp":"2022-10-15 14:38:30"}
{"level":"info","message":"Downloading Package - 6%","timestamp":"2022-10-15 14:38:30"}
{"level":"info","message":"Downloading Package - 7%","timestamp":"2022-10-15 14:38:30"}
{"level":"info","message":"Downloading Package - 8%","timestamp":"2022-10-15 14:38:30"}
{"level":"info","message":"Downloading Package - 9%","timestamp":"2022-10-15 14:38:30"}
{"level":"info","message":"Downloading Package - 10%","timestamp":"2022-10-15 14:38:30"}
{"level":"info","message":"Downloading Package - 11%","timestamp":"2022-10-15 14:38:30"}
{"level":"info","message":"Downloading Package - 12%","timestamp":"2022-10-15 14:38:30"}
{"level":"info","message":"Downloading Package - 13%","timestamp":"2022-10-15 14:38:30"}
{"level":"info","message":"Downloading Package - 14%","timestamp":"2022-10-15 14:38:30"}
{"level":"info","message":"Downloading Package - 15%","timestamp":"2022-10-15 14:38:30"}
{"level":"info","message":"Downloading Package - 16%","timestamp":"2022-10-15 14:38:30"}
{"level":"info","message":"Downloading Package - 17%","timestamp":"2022-10-15 14:38:30"}
{"level":"info","message":"Downloading Package - 18%","timestamp":"2022-10-15 14:38:30"}
{"level":"info","message":"Downloading Package - 19%","timestamp":"2022-10-15 14:38:30"}
{"level":"info","message":"Downloading Package - 20%","timestamp":"2022-10-15 14:38:30"}
{"level":"info","message":"Downloading Package - 21%","timestamp":"2022-10-15 14:38:30"}
{"level":"info","message":"Downloading Package - 22%","timestamp":"2022-10-15 14:38:30"}
{"level":"info","message":"Downloading Package - 23%","timestamp":"2022-10-15 14:38:30"}
{"level":"info","message":"Downloading Package - 24%","timestamp":"2022-10-15 14:38:30"}
{"level":"info","message":"Downloading Package - 25%","timestamp":"2022-10-15 14:38:30"}
{"level":"info","message":"Downloading Package - 26%","timestamp":"2022-10-15 14:38:30"}
{"level":"info","message":"Downloading Package - 27%","timestamp":"2022-10-15 14:38:30"}
{"level":"info","message":"Downloading Package - 28%","timestamp":"2022-10-15 14:38:30"}
{"level":"info","message":"Downloading Package - 29%","timestamp":"2022-10-15 14:38:30"}
{"level":"info","message":"Downloading Package - 30%","timestamp":"2022-10-15 14:38:30"}
{"level":"info","message":"Downloading Package - 31%","timestamp":"2022-10-15 14:38:30"}
{"level":"info","message":"Downloading Package - 32%","timestamp":"2022-10-15 14:38:30"}
{"level":"info","message":"Downloading Package - 33%","timestamp":"2022-10-15 14:38:30"}
{"level":"info","message":"Downloading Package - 34%","timestamp":"2022-10-15 14:38:30"}
{"level":"info","message":"Downloading Package - 35%","timestamp":"2022-10-15 14:38:30"}
{"level":"info","message":"Downloading Package - 36%","timestamp":"2022-10-15 14:38:30"}
{"level":"info","message":"Downloading Package - 37%","timestamp":"2022-10-15 14:38:30"}
{"level":"info","message":"Downloading Package - 38%","timestamp":"2022-10-15 14:38:30"}
{"level":"info","message":"Downloading Package - 39%","timestamp":"2022-10-15 14:38:30"}
{"level":"info","message":"Downloading Package - 40%","timestamp":"2022-10-15 14:38:30"}
{"level":"info","message":"Downloading Package - 41%","timestamp":"2022-10-15 14:38:30"}
{"level":"info","message":"Downloading Package - 42%","timestamp":"2022-10-15 14:38:30"}
{"level":"info","message":"Downloading Package - 43%","timestamp":"2022-10-15 14:38:30"}
{"level":"info","message":"Downloading Package - 44%","timestamp":"2022-10-15 14:38:30"}
{"level":"info","message":"Downloading Package - 45%","timestamp":"2022-10-15 14:38:30"}
{"level":"info","message":"Downloading Package - 46%","timestamp":"2022-10-15 14:38:30"}
{"level":"info","message":"Downloading Package - 47%","timestamp":"2022-10-15 14:38:30"}
{"level":"info","message":"Downloading Package - 48%","timestamp":"2022-10-15 14:38:30"}
{"level":"info","message":"Downloading Package - 49%","timestamp":"2022-10-15 14:38:30"}
{"level":"info","message":"Downloading Package - 50%","timestamp":"2022-10-15 14:38:30"}
{"level":"info","message":"Downloading Package - 51%","timestamp":"2022-10-15 14:38:30"}
{"level":"info","message":"Downloading Package - 52%","timestamp":"2022-10-15 14:38:30"}
{"level":"info","message":"Downloading Package - 53%","timestamp":"2022-10-15 14:38:30"}
{"level":"info","message":"Downloading Package - 54%","timestamp":"2022-10-15 14:38:30"}
{"level":"info","message":"Downloading Package - 55%","timestamp":"2022-10-15 14:38:30"}
{"level":"info","message":"Downloading Package - 56%","timestamp":"2022-10-15 14:38:30"}
{"level":"info","message":"Downloading Package - 57%","timestamp":"2022-10-15 14:38:30"}
{"level":"info","message":"Downloading Package - 58%","timestamp":"2022-10-15 14:38:30"}
{"level":"info","message":"Downloading Package - 59%","timestamp":"2022-10-15 14:38:30"}
{"level":"info","message":"Downloading Package - 60%","timestamp":"2022-10-15 14:38:30"}
{"level":"info","message":"Downloading Package - 61%","timestamp":"2022-10-15 14:38:30"}
{"level":"info","message":"Downloading Package - 62%","timestamp":"2022-10-15 14:38:30"}
{"level":"info","message":"Downloading Package - 63%","timestamp":"2022-10-15 14:38:30"}
{"level":"info","message":"Downloading Package - 64%","timestamp":"2022-10-15 14:38:30"}
{"level":"info","message":"Downloading Package - 65%","timestamp":"2022-10-15 14:38:31"}
{"level":"info","message":"Downloading Package - 66%","timestamp":"2022-10-15 14:38:31"}
{"level":"info","message":"Downloading Package - 67%","timestamp":"2022-10-15 14:38:31"}
{"level":"info","message":"Downloading Package - 68%","timestamp":"2022-10-15 14:38:31"}
{"level":"info","message":"Downloading Package - 69%","timestamp":"2022-10-15 14:38:31"}
{"level":"info","message":"Downloading Package - 70%","timestamp":"2022-10-15 14:38:31"}
{"level":"info","message":"Downloading Package - 71%","timestamp":"2022-10-15 14:38:31"}
{"level":"info","message":"Downloading Package - 72%","timestamp":"2022-10-15 14:38:31"}
{"level":"info","message":"Downloading Package - 73%","timestamp":"2022-10-15 14:38:31"}
{"level":"info","message":"Downloading Package - 74%","timestamp":"2022-10-15 14:38:31"}
{"level":"info","message":"Downloading Package - 75%","timestamp":"2022-10-15 14:38:31"}
{"level":"info","message":"Downloading Package - 76%","timestamp":"2022-10-15 14:38:31"}
{"level":"info","message":"Downloading Package - 77%","timestamp":"2022-10-15 14:38:31"}
{"level":"info","message":"Downloading Package - 78%","timestamp":"2022-10-15 14:38:31"}
{"level":"info","message":"Downloading Package - 79%","timestamp":"2022-10-15 14:38:31"}
{"level":"info","message":"Downloading Package - 80%","timestamp":"2022-10-15 14:38:31"}
{"level":"info","message":"Downloading Package - 81%","timestamp":"2022-10-15 14:38:31"}
{"level":"info","message":"Downloading Package - 82%","timestamp":"2022-10-15 14:38:31"}
{"level":"info","message":"Downloading Package - 83%","timestamp":"2022-10-15 14:38:31"}
{"level":"info","message":"Downloading Package - 84%","timestamp":"2022-10-15 14:38:31"}
{"level":"info","message":"Downloading Package - 85%","timestamp":"2022-10-15 14:38:31"}
{"level":"info","message":"Downloading Package - 86%","timestamp":"2022-10-15 14:38:31"}
{"level":"info","message":"Downloading Package - 87%","timestamp":"2022-10-15 14:38:31"}
{"level":"info","message":"Downloading Package - 88%","timestamp":"2022-10-15 14:38:31"}
{"level":"info","message":"Downloading Package - 89%","timestamp":"2022-10-15 14:38:31"}
{"level":"info","message":"Downloading Package - 90%","timestamp":"2022-10-15 14:38:31"}
{"level":"info","message":"Downloading Package - 91%","timestamp":"2022-10-15 14:38:31"}
{"level":"info","message":"Downloading Package - 92%","timestamp":"2022-10-15 14:38:31"}
{"level":"info","message":"Downloading Package - 93%","timestamp":"2022-10-15 14:38:31"}
{"level":"info","message":"Downloading Package - 94%","timestamp":"2022-10-15 14:38:31"}
{"level":"info","message":"Downloading Package - 95%","timestamp":"2022-10-15 14:38:31"}
{"level":"info","message":"Downloading Package - 96%","timestamp":"2022-10-15 14:38:31"}
{"level":"info","message":"Downloading Package - 97%","timestamp":"2022-10-15 14:38:31"}
{"level":"info","message":"Downloading Package - 98%","timestamp":"2022-10-15 14:38:31"}
{"level":"info","message":"Downloading Package - 99%","timestamp":"2022-10-15 14:38:31"}
{"level":"info","message":"Downloading Package - 100%","timestamp":"2022-10-15 14:38:31"}
{"level":"info","message":"Installing package - 1%","timestamp":"2022-10-15 14:38:31"}
{"level":"info","message":"Installing package - 2%","timestamp":"2022-10-15 14:38:31"}
{"level":"info","message":"Installing package - 3%","timestamp":"2022-10-15 14:38:31"}
{"level":"info","message":"Installing package - 4%","timestamp":"2022-10-15 14:38:31"}
{"level":"info","message":"Installing package - 5%","timestamp":"2022-10-15 14:38:31"}
{"level":"info","message":"Installing package - 6%","timestamp":"2022-10-15 14:38:31"}
{"level":"info","message":"Installing package - 7%","timestamp":"2022-10-15 14:38:31"}
{"level":"info","message":"Installing package - 8%","timestamp":"2022-10-15 14:38:31"}
{"level":"info","message":"Installing package - 9%","timestamp":"2022-10-15 14:38:31"}
{"level":"info","message":"Installing package - 10%","timestamp":"2022-10-15 14:38:31"}
{"level":"info","message":"Installing package - 11%","timestamp":"2022-10-15 14:38:31"}
{"level":"info","message":"Installing package - 12%","timestamp":"2022-10-15 14:38:31"}
{"level":"info","message":"Installing package - 13%","timestamp":"2022-10-15 14:38:31"}
{"level":"info","message":"Installing package - 14%","timestamp":"2022-10-15 14:38:31"}
{"level":"info","message":"Installing package - 15%","timestamp":"2022-10-15 14:38:31"}
{"level":"info","message":"Installing package - 16%","timestamp":"2022-10-15 14:38:31"}
{"level":"info","message":"Installing package - 17%","timestamp":"2022-10-15 14:38:31"}
{"level":"info","message":"Installing package - 18%","timestamp":"2022-10-15 14:38:31"}
{"level":"info","message":"Installing package - 19%","timestamp":"2022-10-15 14:38:31"}
{"level":"info","message":"Installing package - 20%","timestamp":"2022-10-15 14:38:31"}
{"level":"info","message":"Installing package - 21%","timestamp":"2022-10-15 14:38:31"}
{"level":"info","message":"Installing package - 22%","timestamp":"2022-10-15 14:38:31"}
{"level":"info","message":"Installing package - 23%","timestamp":"2022-10-15 14:38:31"}
{"level":"info","message":"Installing package - 24%","timestamp":"2022-10-15 14:38:31"}
{"level":"info","message":"Installing package - 25%","timestamp":"2022-10-15 14:38:31"}
{"level":"info","message":"Installing package - 26%","timestamp":"2022-10-15 14:38:31"}
{"level":"info","message":"Installing package - 27%","timestamp":"2022-10-15 14:38:31"}
{"level":"info","message":"Installing package - 28%","timestamp":"2022-10-15 14:38:31"}
{"level":"info","message":"Installing package - 29%","timestamp":"2022-10-15 14:38:31"}
{"level":"info","message":"Installing package - 30%","timestamp":"2022-10-15 14:38:31"}
{"level":"info","message":"Installing package - 31%","timestamp":"2022-10-15 14:38:31"}
{"level":"info","message":"Installing package - 32%","timestamp":"2022-10-15 14:38:31"}
{"level":"info","message":"Installing package - 33%","timestamp":"2022-10-15 14:38:31"}
{"level":"info","message":"Installing package - 34%","timestamp":"2022-10-15 14:38:31"}
{"level":"info","message":"Installing package - 35%","timestamp":"2022-10-15 14:38:31"}
{"level":"info","message":"Installing package - 36%","timestamp":"2022-10-15 14:38:31"}
{"level":"info","message":"Installing package - 37%","timestamp":"2022-10-15 14:38:31"}
{"level":"info","message":"Installing package - 38%","timestamp":"2022-10-15 14:38:31"}
{"level":"info","message":"Installing package - 39%","timestamp":"2022-10-15 14:38:31"}
{"level":"info","message":"Installing package - 40%","timestamp":"2022-10-15 14:38:31"}
{"level":"info","message":"Installing package - 41%","timestamp":"2022-10-15 14:38:31"}
{"level":"info","message":"Installing package - 42%","timestamp":"2022-10-15 14:38:31"}
{"level":"info","message":"Installing package - 43%","timestamp":"2022-10-15 14:38:31"}
{"level":"info","message":"Installing package - 44%","timestamp":"2022-10-15 14:38:31"}
{"level":"info","message":"Installing package - 45%","timestamp":"2022-10-15 14:38:31"}
{"level":"info","message":"Installing package - 46%","timestamp":"2022-10-15 14:38:31"}
{"level":"info","message":"Installing package - 47%","timestamp":"2022-10-15 14:38:31"}
{"level":"info","message":"Installing package - 48%","timestamp":"2022-10-15 14:38:31"}
{"level":"info","message":"Installing package - 49%","timestamp":"2022-10-15 14:38:31"}
{"level":"info","message":"Installing package - 50%","timestamp":"2022-10-15 14:38:31"}
{"level":"info","message":"Installing package - 51%","timestamp":"2022-10-15 14:38:31"}
{"level":"info","message":"Installing package - 52%","timestamp":"2022-10-15 14:38:31"}
{"level":"info","message":"Installing package - 53%","timestamp":"2022-10-15 14:38:31"}
{"level":"info","message":"Installing package - 54%","timestamp":"2022-10-15 14:38:31"}
{"level":"info","message":"Installing package - 55%","timestamp":"2022-10-15 14:38:31"}
{"level":"info","message":"Installing package - 56%","timestamp":"2022-10-15 14:38:31"}
{"level":"info","message":"Installing package - 57%","timestamp":"2022-10-15 14:38:31"}
{"level":"info","message":"Installing package - 58%","timestamp":"2022-10-15 14:38:31"}
{"level":"info","message":"Installing package - 59%","timestamp":"2022-10-15 14:38:31"}
{"level":"info","message":"Installing package - 60%","timestamp":"2022-10-15 14:38:31"}
{"level":"info","message":"Installing package - 61%","timestamp":"2022-10-15 14:38:31"}
{"level":"info","message":"Installing package - 62%","timestamp":"2022-10-15 14:38:31"}
{"level":"info","message":"Installing package - 63%","timestamp":"2022-10-15 14:38:31"}
{"level":"info","message":"Installing package - 64%","timestamp":"2022-10-15 14:38:31"}
{"level":"info","message":"Installing package - 65%","timestamp":"2022-10-15 14:38:31"}
{"level":"info","message":"Installing package - 66%","timestamp":"2022-10-15 14:38:31"}
{"level":"info","message":"Installing package - 67%","timestamp":"2022-10-15 14:38:31"}
{"level":"info","message":"Installing package - 68%","timestamp":"2022-10-15 14:38:31"}
{"level":"info","message":"Installing package - 69%","timestamp":"2022-10-15 14:38:31"}
{"level":"info","message":"Installing package - 70%","timestamp":"2022-10-15 14:38:31"}
{"level":"info","message":"Installing package - 71%","timestamp":"2022-10-15 14:38:31"}
{"level":"info","message":"Installing package - 72%","timestamp":"2022-10-15 14:38:31"}
{"level":"info","message":"Installing package - 73%","timestamp":"2022-10-15 14:38:31"}
{"level":"info","message":"Installing package - 74%","timestamp":"2022-10-15 14:38:31"}
{"level":"info","message":"Installing package - 75%","timestamp":"2022-10-15 14:38:31"}
{"level":"info","message":"Installing package - 76%","timestamp":"2022-10-15 14:38:31"}
{"level":"info","message":"Installing package - 77%","timestamp":"2022-10-15 14:38:31"}
{"level":"info","message":"Installing package - 78%","timestamp":"2022-10-15 14:38:31"}
{"level":"info","message":"Installing package - 79%","timestamp":"2022-10-15 14:38:31"}
{"level":"info","message":"Installing package - 80%","timestamp":"2022-10-15 14:38:31"}
{"level":"info","message":"Installing package - 81%","timestamp":"2022-10-15 14:38:31"}
{"level":"info","message":"Installing package - 82%","timestamp":"2022-10-15 14:38:31"}
{"level":"info","message":"Installing package - 83%","timestamp":"2022-10-15 14:38:31"}
{"level":"info","message":"Installing package - 84%","timestamp":"2022-10-15 14:38:31"}
{"level":"info","message":"Installing package - 85%","timestamp":"2022-10-15 14:38:31"}
{"level":"info","message":"Installing package - 86%","timestamp":"2022-10-15 14:38:31"}
{"level":"info","message":"Installing package - 87%","timestamp":"2022-10-15 14:38:31"}
{"level":"info","message":"Installing package - 88%","timestamp":"2022-10-15 14:38:31"}
{"level":"info","message":"Installing package - 89%","timestamp":"2022-10-15 14:38:31"}
{"level":"info","message":"Installing package - 90%","timestamp":"2022-10-15 14:38:31"}
{"level":"info","message":"Installing package - 91%","timestamp":"2022-10-15 14:38:31"}
{"level":"info","message":"Installing package - 92%","timestamp":"2022-10-15 14:38:31"}
{"level":"info","message":"Installing package - 93%","timestamp":"2022-10-15 14:38:31"}
{"level":"info","message":"Installing package - 94%","timestamp":"2022-10-15 14:38:31"}
{"level":"info","message":"Installing package - 95%","timestamp":"2022-10-15 14:38:31"}
{"level":"info","message":"Installing package - 96%","timestamp":"2022-10-15 14:38:31"}
{"level":"info","message":"Installing package - 97%","timestamp":"2022-10-15 14:38:31"}
{"level":"info","message":"Installing package - 98%","timestamp":"2022-10-15 14:38:31"}
{"level":"info","message":"Installing package - 99%","timestamp":"2022-10-15 14:38:31"}
{"level":"info","message":"Installing package - 100%","timestamp":"2022-10-15 14:38:31"}
{"level":"info","message":"Vending Package - 100%","timestamp":"2022-10-15 14:38:31"}
{"level":"info","message":"Downloading Package - 1%","timestamp":"2022-10-15 14:39:01"}
{"level":"info","message":"Downloading Package - 2%","timestamp":"2022-10-15 14:39:01"}
{"level":"info","message":"Downloading Package - 3%","timestamp":"2022-10-15 14:39:01"}
{"level":"info","message":"Downloading Package - 4%","timestamp":"2022-10-15 14:39:01"}
{"level":"info","message":"Downloading Package - 5%","timestamp":"2022-10-15 14:39:01"}
{"level":"info","message":"Downloading Package - 6%","timestamp":"2022-10-15 14:39:01"}
{"level":"info","message":"Downloading Package - 7%","timestamp":"2022-10-15 14:39:01"}
{"level":"info","message":"Downloading Package - 8%","timestamp":"2022-10-15 14:39:02"}
{"level":"info","message":"Downloading Package - 9%","timestamp":"2022-10-15 14:39:02"}
{"level":"info","message":"Downloading Package - 10%","timestamp":"2022-10-15 14:39:02"}
{"level":"info","message":"Downloading Package - 11%","timestamp":"2022-10-15 14:39:02"}
{"level":"info","message":"Downloading Package - 12%","timestamp":"2022-10-15 14:39:02"}
{"level":"info","message":"Downloading Package - 13%","timestamp":"2022-10-15 14:39:02"}
{"level":"info","message":"Downloading Package - 14%","timestamp":"2022-10-15 14:39:02"}
{"level":"info","message":"Downloading Package - 15%","timestamp":"2022-10-15 14:39:02"}
{"level":"info","message":"Downloading Package - 16%","timestamp":"2022-10-15 14:39:02"}
{"level":"info","message":"Downloading Package - 17%","timestamp":"2022-10-15 14:39:02"}
{"level":"info","message":"Downloading Package - 18%","timestamp":"2022-10-15 14:39:02"}
{"level":"info","message":"Downloading Package - 19%","timestamp":"2022-10-15 14:39:02"}
{"level":"info","message":"Downloading Package - 20%","timestamp":"2022-10-15 14:39:02"}
{"level":"info","message":"Downloading Package - 21%","timestamp":"2022-10-15 14:39:02"}
{"level":"info","message":"Downloading Package - 22%","timestamp":"2022-10-15 14:39:03"}
{"level":"info","message":"Downloading Package - 23%","timestamp":"2022-10-15 14:39:03"}
{"level":"info","message":"Downloading Package - 24%","timestamp":"2022-10-15 14:39:03"}
{"level":"info","message":"Downloading Package - 25%","timestamp":"2022-10-15 14:39:03"}
{"level":"info","message":"Downloading Package - 26%","timestamp":"2022-10-15 14:39:03"}
{"level":"info","message":"Downloading Package - 27%","timestamp":"2022-10-15 14:39:03"}
{"level":"info","message":"Downloading Package - 28%","timestamp":"2022-10-15 14:39:03"}
{"level":"info","message":"Downloading Package - 29%","timestamp":"2022-10-15 14:39:03"}
{"level":"info","message":"Downloading Package - 30%","timestamp":"2022-10-15 14:39:03"}
{"level":"info","message":"Downloading Package - 31%","timestamp":"2022-10-15 14:39:03"}
{"level":"info","message":"Downloading Package - 32%","timestamp":"2022-10-15 14:39:03"}
{"level":"info","message":"Downloading Package - 33%","timestamp":"2022-10-15 14:39:03"}
{"level":"info","message":"Downloading Package - 34%","timestamp":"2022-10-15 14:39:03"}
{"level":"info","message":"Downloading Package - 35%","timestamp":"2022-10-15 14:39:03"}
{"level":"info","message":"Downloading Package - 36%","timestamp":"2022-10-15 14:39:03"}
{"level":"info","message":"Downloading Package - 37%","timestamp":"2022-10-15 14:39:03"}
{"level":"info","message":"Downloading Package - 38%","timestamp":"2022-10-15 14:39:03"}
{"level":"info","message":"Downloading Package - 39%","timestamp":"2022-10-15 14:39:04"}
{"level":"info","message":"Downloading Package - 40%","timestamp":"2022-10-15 14:39:04"}
{"level":"info","message":"Downloading Package - 41%","timestamp":"2022-10-15 14:39:04"}
{"level":"info","message":"Downloading Package - 42%","timestamp":"2022-10-15 14:39:04"}
{"level":"info","message":"Downloading Package - 43%","timestamp":"2022-10-15 14:39:04"}
{"level":"info","message":"Downloading Package - 44%","timestamp":"2022-10-15 14:39:04"}
{"level":"info","message":"Downloading Package - 45%","timestamp":"2022-10-15 14:39:04"}
{"level":"info","message":"Downloading Package - 46%","timestamp":"2022-10-15 14:39:04"}
{"level":"info","message":"Downloading Package - 47%","timestamp":"2022-10-15 14:39:04"}
{"level":"info","message":"Downloading Package - 48%","timestamp":"2022-10-15 14:39:04"}
{"level":"info","message":"Downloading Package - 49%","timestamp":"2022-10-15 14:39:04"}
{"level":"info","message":"Downloading Package - 50%","timestamp":"2022-10-15 14:39:04"}
{"level":"info","message":"Downloading Package - 51%","timestamp":"2022-10-15 14:39:04"}
{"level":"info","message":"Downloading Package - 52%","timestamp":"2022-10-15 14:39:04"}
{"level":"info","message":"Downloading Package - 53%","timestamp":"2022-10-15 14:39:04"}
{"level":"info","message":"Downloading Package - 54%","timestamp":"2022-10-15 14:39:04"}
{"level":"info","message":"Downloading Package - 55%","timestamp":"2022-10-15 14:39:04"}
{"level":"info","message":"Downloading Package - 56%","timestamp":"2022-10-15 14:39:04"}
{"level":"info","message":"Downloading Package - 57%","timestamp":"2022-10-15 14:39:04"}
{"level":"info","message":"Downloading Package - 58%","timestamp":"2022-10-15 14:39:05"}
{"level":"info","message":"Downloading Package - 59%","timestamp":"2022-10-15 14:39:05"}
{"level":"info","message":"Downloading Package - 60%","timestamp":"2022-10-15 14:39:05"}
{"level":"info","message":"Downloading Package - 61%","timestamp":"2022-10-15 14:39:05"}
{"level":"info","message":"Downloading Package - 62%","timestamp":"2022-10-15 14:39:05"}
{"level":"info","message":"Downloading Package - 63%","timestamp":"2022-10-15 14:39:05"}
{"level":"info","message":"Downloading Package - 64%","timestamp":"2022-10-15 14:39:05"}
{"level":"info","message":"Downloading Package - 65%","timestamp":"2022-10-15 14:39:05"}
{"level":"info","message":"Downloading Package - 66%","timestamp":"2022-10-15 14:39:05"}
{"level":"info","message":"Downloading Package - 67%","timestamp":"2022-10-15 14:39:05"}
{"level":"info","message":"Downloading Package - 68%","timestamp":"2022-10-15 14:39:05"}
{"level":"info","message":"Downloading Package - 69%","timestamp":"2022-10-15 14:39:05"}
{"level":"info","message":"Downloading Package - 70%","timestamp":"2022-10-15 14:39:05"}
{"level":"info","message":"Downloading Package - 71%","timestamp":"2022-10-15 14:39:05"}
{"level":"info","message":"Downloading Package - 72%","timestamp":"2022-10-15 14:39:05"}
{"level":"info","message":"Downloading Package - 73%","timestamp":"2022-10-15 14:39:05"}
{"level":"info","message":"Downloading Package - 74%","timestamp":"2022-10-15 14:39:05"}
{"level":"info","message":"Downloading Package - 75%","timestamp":"2022-10-15 14:39:05"}
{"level":"info","message":"Downloading Package - 76%","timestamp":"2022-10-15 14:39:05"}
{"level":"info","message":"Downloading Package - 77%","timestamp":"2022-10-15 14:39:05"}
{"level":"info","message":"Downloading Package - 78%","timestamp":"2022-10-15 14:39:06"}
{"level":"info","message":"Downloading Package - 79%","timestamp":"2022-10-15 14:39:06"}
{"level":"info","message":"Downloading Package - 80%","timestamp":"2022-10-15 14:39:06"}
{"level":"info","message":"Downloading Package - 81%","timestamp":"2022-10-15 14:39:06"}
{"level":"info","message":"Downloading Package - 82%","timestamp":"2022-10-15 14:39:06"}
{"level":"info","message":"Downloading Package - 83%","timestamp":"2022-10-15 14:39:06"}
{"level":"info","message":"Downloading Package - 84%","timestamp":"2022-10-15 14:39:06"}
{"level":"info","message":"Downloading Package - 85%","timestamp":"2022-10-15 14:39:06"}
{"level":"info","message":"Downloading Package - 86%","timestamp":"2022-10-15 14:39:06"}
{"level":"info","message":"Downloading Package - 87%","timestamp":"2022-10-15 14:39:06"}
{"level":"info","message":"Downloading Package - 88%","timestamp":"2022-10-15 14:39:06"}
{"level":"info","message":"Downloading Package - 89%","timestamp":"2022-10-15 14:39:06"}
{"level":"info","message":"Downloading Package - 90%","timestamp":"2022-10-15 14:39:06"}
{"level":"info","message":"Downloading Package - 91%","timestamp":"2022-10-15 14:39:06"}
{"level":"info","message":"Downloading Package - 92%","timestamp":"2022-10-15 14:39:06"}
{"level":"info","message":"Downloading Package - 93%","timestamp":"2022-10-15 14:39:06"}
{"level":"info","message":"Downloading Package - 94%","timestamp":"2022-10-15 14:39:06"}
{"level":"info","message":"Downloading Package - 95%","timestamp":"2022-10-15 14:39:06"}
{"level":"info","message":"Downloading Package - 96%","timestamp":"2022-10-15 14:39:06"}
{"level":"info","message":"Downloading Package - 97%","timestamp":"2022-10-15 14:39:06"}
{"level":"info","message":"Downloading Package - 98%","timestamp":"2022-10-15 14:39:07"}
{"level":"info","message":"Downloading Package - 99%","timestamp":"2022-10-15 14:39:07"}
{"level":"info","message":"Downloading Package - 100%","timestamp":"2022-10-15 14:39:07"}
{"level":"info","message":"Installing package - 1%","timestamp":"2022-10-15 14:39:07"}
{"level":"info","message":"Installing package - 2%","timestamp":"2022-10-15 14:39:07"}
{"level":"info","message":"Installing package - 3%","timestamp":"2022-10-15 14:39:07"}
{"level":"info","message":"Installing package - 4%","timestamp":"2022-10-15 14:39:07"}
{"level":"info","message":"Installing package - 5%","timestamp":"2022-10-15 14:39:07"}
{"level":"info","message":"Installing package - 6%","timestamp":"2022-10-15 14:39:07"}
{"level":"info","message":"Installing package - 7%","timestamp":"2022-10-15 14:39:07"}
{"level":"info","message":"Installing package - 8%","timestamp":"2022-10-15 14:39:07"}
{"level":"info","message":"Installing package - 9%","timestamp":"2022-10-15 14:39:07"}
{"level":"info","message":"Installing package - 10%","timestamp":"2022-10-15 14:39:07"}
{"level":"info","message":"Installing package - 11%","timestamp":"2022-10-15 14:39:07"}
{"level":"info","message":"Installing package - 12%","timestamp":"2022-10-15 14:39:07"}
{"level":"info","message":"Installing package - 13%","timestamp":"2022-10-15 14:39:07"}
{"level":"info","message":"Installing package - 14%","timestamp":"2022-10-15 14:39:07"}
{"level":"info","message":"Installing package - 15%","timestamp":"2022-10-15 14:39:07"}
{"level":"info","message":"Installing package - 16%","timestamp":"2022-10-15 14:39:07"}
{"level":"info","message":"Installing package - 17%","timestamp":"2022-10-15 14:39:07"}
{"level":"info","message":"Installing package - 18%","timestamp":"2022-10-15 14:39:07"}
{"level":"info","message":"Installing package - 19%","timestamp":"2022-10-15 14:39:07"}
{"level":"info","message":"Installing package - 20%","timestamp":"2022-10-15 14:39:07"}
{"level":"info","message":"Installing package - 21%","timestamp":"2022-10-15 14:39:07"}
{"level":"info","message":"Installing package - 22%","timestamp":"2022-10-15 14:39:07"}
{"level":"info","message":"Installing package - 23%","timestamp":"2022-10-15 14:39:07"}
{"level":"info","message":"Installing package - 24%","timestamp":"2022-10-15 14:39:07"}
{"level":"info","message":"Installing package - 25%","timestamp":"2022-10-15 14:39:07"}
{"level":"info","message":"Installing package - 26%","timestamp":"2022-10-15 14:39:07"}
{"level":"info","message":"Installing package - 27%","timestamp":"2022-10-15 14:39:07"}
{"level":"info","message":"Installing package - 28%","timestamp":"2022-10-15 14:39:07"}
{"level":"info","message":"Installing package - 29%","timestamp":"2022-10-15 14:39:07"}
{"level":"info","message":"Installing package - 30%","timestamp":"2022-10-15 14:39:07"}
{"level":"info","message":"Installing package - 31%","timestamp":"2022-10-15 14:39:07"}
{"level":"info","message":"Installing package - 32%","timestamp":"2022-10-15 14:39:07"}
{"level":"info","message":"Installing package - 33%","timestamp":"2022-10-15 14:39:07"}
{"level":"info","message":"Installing package - 34%","timestamp":"2022-10-15 14:39:07"}
{"level":"info","message":"Installing package - 35%","timestamp":"2022-10-15 14:39:07"}
{"level":"info","message":"Installing package - 36%","timestamp":"2022-10-15 14:39:07"}
{"level":"info","message":"Installing package - 37%","timestamp":"2022-10-15 14:39:07"}
{"level":"info","message":"Installing package - 38%","timestamp":"2022-10-15 14:39:07"}
{"level":"info","message":"Installing package - 39%","timestamp":"2022-10-15 14:39:07"}
{"level":"info","message":"Installing package - 40%","timestamp":"2022-10-15 14:39:07"}
{"level":"info","message":"Installing package - 41%","timestamp":"2022-10-15 14:39:07"}
{"level":"info","message":"Installing package - 42%","timestamp":"2022-10-15 14:39:07"}
{"level":"info","message":"Installing package - 43%","timestamp":"2022-10-15 14:39:07"}
{"level":"info","message":"Installing package - 44%","timestamp":"2022-10-15 14:39:07"}
{"level":"info","message":"Installing package - 45%","timestamp":"2022-10-15 14:39:07"}
{"level":"info","message":"Installing package - 46%","timestamp":"2022-10-15 14:39:07"}
{"level":"info","message":"Installing package - 47%","timestamp":"2022-10-15 14:39:07"}
{"level":"info","message":"Installing package - 48%","timestamp":"2022-10-15 14:39:07"}
{"level":"info","message":"Installing package - 49%","timestamp":"2022-10-15 14:39:07"}
{"level":"info","message":"Installing package - 50%","timestamp":"2022-10-15 14:39:07"}
{"level":"info","message":"Installing package - 51%","timestamp":"2022-10-15 14:39:07"}
{"level":"info","message":"Installing package - 52%","timestamp":"2022-10-15 14:39:07"}
{"level":"info","message":"Installing package - 53%","timestamp":"2022-10-15 14:39:07"}
{"level":"info","message":"Installing package - 54%","timestamp":"2022-10-15 14:39:07"}
{"level":"info","message":"Installing package - 55%","timestamp":"2022-10-15 14:39:07"}
{"level":"info","message":"Installing package - 56%","timestamp":"2022-10-15 14:39:07"}
{"level":"info","message":"Installing package - 57%","timestamp":"2022-10-15 14:39:07"}
{"level":"info","message":"Installing package - 58%","timestamp":"2022-10-15 14:39:07"}
{"level":"info","message":"Installing package - 59%","timestamp":"2022-10-15 14:39:07"}
{"level":"info","message":"Installing package - 60%","timestamp":"2022-10-15 14:39:07"}
{"level":"info","message":"Installing package - 61%","timestamp":"2022-10-15 14:39:07"}
{"level":"info","message":"Installing package - 62%","timestamp":"2022-10-15 14:39:07"}
{"level":"info","message":"Installing package - 63%","timestamp":"2022-10-15 14:39:07"}
{"level":"info","message":"Installing package - 64%","timestamp":"2022-10-15 14:39:07"}
{"level":"info","message":"Installing package - 65%","timestamp":"2022-10-15 14:39:07"}
{"level":"info","message":"Installing package - 66%","timestamp":"2022-10-15 14:39:07"}
{"level":"info","message":"Installing package - 67%","timestamp":"2022-10-15 14:39:07"}
{"level":"info","message":"Installing package - 68%","timestamp":"2022-10-15 14:39:07"}
{"level":"info","message":"Installing package - 69%","timestamp":"2022-10-15 14:39:07"}
{"level":"info","message":"Installing package - 70%","timestamp":"2022-10-15 14:39:07"}
{"level":"info","message":"Installing package - 71%","timestamp":"2022-10-15 14:39:07"}
{"level":"info","message":"Installing package - 72%","timestamp":"2022-10-15 14:39:07"}
{"level":"info","message":"Installing package - 73%","timestamp":"2022-10-15 14:39:07"}
{"level":"info","message":"Installing package - 74%","timestamp":"2022-10-15 14:39:07"}
{"level":"info","message":"Installing package - 75%","timestamp":"2022-10-15 14:39:07"}
{"level":"info","message":"Installing package - 76%","timestamp":"2022-10-15 14:39:07"}
{"level":"info","message":"Installing package - 77%","timestamp":"2022-10-15 14:39:07"}
{"level":"info","message":"Installing package - 78%","timestamp":"2022-10-15 14:39:07"}
{"level":"info","message":"Installing package - 79%","timestamp":"2022-10-15 14:39:07"}
{"level":"info","message":"Installing package - 80%","timestamp":"2022-10-15 14:39:07"}
{"level":"info","message":"Installing package - 81%","timestamp":"2022-10-15 14:39:07"}
{"level":"info","message":"Installing package - 82%","timestamp":"2022-10-15 14:39:07"}
{"level":"info","message":"Installing package - 83%","timestamp":"2022-10-15 14:39:07"}
{"level":"info","message":"Installing package - 84%","timestamp":"2022-10-15 14:39:07"}
{"level":"info","message":"Installing package - 85%","timestamp":"2022-10-15 14:39:07"}
{"level":"info","message":"Installing package - 86%","timestamp":"2022-10-15 14:39:07"}
{"level":"info","message":"Installing package - 87%","timestamp":"2022-10-15 14:39:07"}
{"level":"info","message":"Installing package - 88%","timestamp":"2022-10-15 14:39:07"}
{"level":"info","message":"Installing package - 89%","timestamp":"2022-10-15 14:39:07"}
{"level":"info","message":"Installing package - 90%","timestamp":"2022-10-15 14:39:07"}
{"level":"info","message":"Installing package - 91%","timestamp":"2022-10-15 14:39:07"}
{"level":"info","message":"Installing package - 92%","timestamp":"2022-10-15 14:39:07"}
{"level":"info","message":"Installing package - 93%","timestamp":"2022-10-15 14:39:07"}
{"level":"info","message":"Installing package - 94%","timestamp":"2022-10-15 14:39:07"}
{"level":"info","message":"Installing package - 95%","timestamp":"2022-10-15 14:39:07"}
{"level":"info","message":"Installing package - 96%","timestamp":"2022-10-15 14:39:07"}
{"level":"info","message":"Installing package - 97%","timestamp":"2022-10-15 14:39:07"}
{"level":"info","message":"Installing package - 98%","timestamp":"2022-10-15 14:39:07"}
{"level":"info","message":"Installing package - 99%","timestamp":"2022-10-15 14:39:07"}
{"level":"info","message":"Installing package - 100%","timestamp":"2022-10-15 14:39:07"}
{"level":"warn","message":"Package alienrpg-starterset contains 13 compendium definitions that still use the deprecated 'entity' field instead of 'type'.","timestamp":"2022-10-15 14:39:07"}
{"level":"info","message":"Vending Package - 100%","timestamp":"2022-10-15 14:39:07"}
{"level":"info","message":"Downloading Package - 1%","timestamp":"2022-10-15 14:39:13"}
{"level":"info","message":"Downloading Package - 2%","timestamp":"2022-10-15 14:39:14"}
{"level":"info","message":"Downloading Package - 3%","timestamp":"2022-10-15 14:39:14"}
{"level":"info","message":"Downloading Package - 4%","timestamp":"2022-10-15 14:39:14"}
{"level":"info","message":"Downloading Package - 5%","timestamp":"2022-10-15 14:39:14"}
{"level":"info","message":"Downloading Package - 6%","timestamp":"2022-10-15 14:39:15"}
{"level":"info","message":"Downloading Package - 7%","timestamp":"2022-10-15 14:39:15"}
{"level":"info","message":"Downloading Package - 8%","timestamp":"2022-10-15 14:39:15"}
{"level":"info","message":"Downloading Package - 9%","timestamp":"2022-10-15 14:39:15"}
{"level":"info","message":"Downloading Package - 10%","timestamp":"2022-10-15 14:39:15"}
{"level":"info","message":"Downloading Package - 11%","timestamp":"2022-10-15 14:39:16"}
{"level":"info","message":"Downloading Package - 12%","timestamp":"2022-10-15 14:39:16"}
{"level":"info","message":"Downloading Package - 13%","timestamp":"2022-10-15 14:39:16"}
{"level":"info","message":"Downloading Package - 14%","timestamp":"2022-10-15 14:39:17"}
{"level":"info","message":"Downloading Package - 15%","timestamp":"2022-10-15 14:39:17"}
{"level":"info","message":"Downloading Package - 16%","timestamp":"2022-10-15 14:39:17"}
{"level":"info","message":"Downloading Package - 17%","timestamp":"2022-10-15 14:39:17"}
{"level":"info","message":"Downloading Package - 18%","timestamp":"2022-10-15 14:39:17"}
{"level":"info","message":"Downloading Package - 19%","timestamp":"2022-10-15 14:39:18"}
{"level":"info","message":"Downloading Package - 20%","timestamp":"2022-10-15 14:39:18"}
{"level":"info","message":"Downloading Package - 21%","timestamp":"2022-10-15 14:39:18"}
{"level":"info","message":"Downloading Package - 22%","timestamp":"2022-10-15 14:39:18"}
{"level":"info","message":"Downloading Package - 23%","timestamp":"2022-10-15 14:39:18"}
{"level":"info","message":"Downloading Package - 24%","timestamp":"2022-10-15 14:39:18"}
{"level":"info","message":"Downloading Package - 25%","timestamp":"2022-10-15 14:39:19"}
{"level":"info","message":"Downloading Package - 26%","timestamp":"2022-10-15 14:39:19"}
{"level":"info","message":"Downloading Package - 27%","timestamp":"2022-10-15 14:39:19"}
{"level":"info","message":"Downloading Package - 28%","timestamp":"2022-10-15 14:39:19"}
{"level":"info","message":"Downloading Package - 29%","timestamp":"2022-10-15 14:39:20"}
{"level":"info","message":"Downloading Package - 30%","timestamp":"2022-10-15 14:39:20"}
{"level":"info","message":"Downloading Package - 31%","timestamp":"2022-10-15 14:39:20"}
{"level":"info","message":"Downloading Package - 32%","timestamp":"2022-10-15 14:39:20"}
{"level":"info","message":"Downloading Package - 33%","timestamp":"2022-10-15 14:39:20"}
{"level":"info","message":"Downloading Package - 34%","timestamp":"2022-10-15 14:39:20"}
{"level":"info","message":"Downloading Package - 35%","timestamp":"2022-10-15 14:39:21"}
{"level":"info","message":"Downloading Package - 36%","timestamp":"2022-10-15 14:39:21"}
{"level":"info","message":"Downloading Package - 37%","timestamp":"2022-10-15 14:39:21"}
{"level":"info","message":"Downloading Package - 38%","timestamp":"2022-10-15 14:39:21"}
{"level":"info","message":"Downloading Package - 39%","timestamp":"2022-10-15 14:39:21"}
{"level":"info","message":"Downloading Package - 40%","timestamp":"2022-10-15 14:39:22"}
{"level":"info","message":"Downloading Package - 41%","timestamp":"2022-10-15 14:39:22"}
{"level":"info","message":"Downloading Package - 42%","timestamp":"2022-10-15 14:39:22"}
{"level":"info","message":"Downloading Package - 43%","timestamp":"2022-10-15 14:39:22"}
{"level":"info","message":"Downloading Package - 44%","timestamp":"2022-10-15 14:39:22"}
{"level":"info","message":"Downloading Package - 45%","timestamp":"2022-10-15 14:39:23"}
{"level":"info","message":"Downloading Package - 46%","timestamp":"2022-10-15 14:39:23"}
{"level":"info","message":"Downloading Package - 47%","timestamp":"2022-10-15 14:39:23"}
{"level":"info","message":"Downloading Package - 48%","timestamp":"2022-10-15 14:39:23"}
{"level":"info","message":"Downloading Package - 49%","timestamp":"2022-10-15 14:39:24"}
{"level":"info","message":"Downloading Package - 50%","timestamp":"2022-10-15 14:39:24"}
{"level":"info","message":"Downloading Package - 51%","timestamp":"2022-10-15 14:39:24"}
{"level":"info","message":"Downloading Package - 52%","timestamp":"2022-10-15 14:39:24"}
{"level":"info","message":"Downloading Package - 53%","timestamp":"2022-10-15 14:39:25"}
{"level":"info","message":"Downloading Package - 54%","timestamp":"2022-10-15 14:39:25"}
{"level":"info","message":"Downloading Package - 55%","timestamp":"2022-10-15 14:39:25"}
{"level":"info","message":"Downloading Package - 56%","timestamp":"2022-10-15 14:39:25"}
{"level":"info","message":"Downloading Package - 57%","timestamp":"2022-10-15 14:39:26"}
{"level":"info","message":"Downloading Package - 58%","timestamp":"2022-10-15 14:39:26"}
{"level":"info","message":"Downloading Package - 59%","timestamp":"2022-10-15 14:39:26"}
{"level":"info","message":"Downloading Package - 60%","timestamp":"2022-10-15 14:39:26"}
{"level":"info","message":"Downloading Package - 61%","timestamp":"2022-10-15 14:39:27"}
{"level":"info","message":"Downloading Package - 62%","timestamp":"2022-10-15 14:39:27"}
{"level":"info","message":"Downloading Package - 63%","timestamp":"2022-10-15 14:39:27"}
{"level":"info","message":"Downloading Package - 64%","timestamp":"2022-10-15 14:39:27"}
{"level":"info","message":"Downloading Package - 65%","timestamp":"2022-10-15 14:39:27"}
{"level":"info","message":"Downloading Package - 66%","timestamp":"2022-10-15 14:39:28"}
{"level":"info","message":"Downloading Package - 67%","timestamp":"2022-10-15 14:39:28"}
{"level":"info","message":"Downloading Package - 68%","timestamp":"2022-10-15 14:39:28"}
{"level":"info","message":"Downloading Package - 69%","timestamp":"2022-10-15 14:39:28"}
{"level":"info","message":"Downloading Package - 70%","timestamp":"2022-10-15 14:39:29"}
{"level":"info","message":"Downloading Package - 71%","timestamp":"2022-10-15 14:39:29"}
{"level":"info","message":"Downloading Package - 72%","timestamp":"2022-10-15 14:39:29"}
{"level":"info","message":"Downloading Package - 73%","timestamp":"2022-10-15 14:39:29"}
{"level":"info","message":"Downloading Package - 74%","timestamp":"2022-10-15 14:39:30"}
{"level":"info","message":"Downloading Package - 75%","timestamp":"2022-10-15 14:39:30"}
{"level":"info","message":"Downloading Package - 76%","timestamp":"2022-10-15 14:39:30"}
{"level":"info","message":"Downloading Package - 77%","timestamp":"2022-10-15 14:39:30"}
{"level":"info","message":"Downloading Package - 78%","timestamp":"2022-10-15 14:39:31"}
{"level":"info","message":"Downloading Package - 79%","timestamp":"2022-10-15 14:39:31"}
{"level":"info","message":"Downloading Package - 80%","timestamp":"2022-10-15 14:39:31"}
{"level":"info","message":"Downloading Package - 81%","timestamp":"2022-10-15 14:39:32"}
{"level":"info","message":"Downloading Package - 82%","timestamp":"2022-10-15 14:39:32"}
{"level":"info","message":"Downloading Package - 83%","timestamp":"2022-10-15 14:39:32"}
{"level":"info","message":"Downloading Package - 84%","timestamp":"2022-10-15 14:39:33"}
{"level":"info","message":"Downloading Package - 85%","timestamp":"2022-10-15 14:39:33"}
{"level":"info","message":"Downloading Package - 86%","timestamp":"2022-10-15 14:39:33"}
{"level":"info","message":"Downloading Package - 87%","timestamp":"2022-10-15 14:39:33"}
{"level":"info","message":"Downloading Package - 88%","timestamp":"2022-10-15 14:39:34"}
{"level":"info","message":"Downloading Package - 89%","timestamp":"2022-10-15 14:39:34"}
{"level":"info","message":"Downloading Package - 90%","timestamp":"2022-10-15 14:39:34"}
{"level":"info","message":"Downloading Package - 91%","timestamp":"2022-10-15 14:39:34"}
{"level":"info","message":"Downloading Package - 92%","timestamp":"2022-10-15 14:39:35"}
{"level":"info","message":"Downloading Package - 93%","timestamp":"2022-10-15 14:39:35"}
{"level":"info","message":"Downloading Package - 94%","timestamp":"2022-10-15 14:39:35"}
{"level":"info","message":"Downloading Package - 95%","timestamp":"2022-10-15 14:39:35"}
{"level":"info","message":"Downloading Package - 96%","timestamp":"2022-10-15 14:39:36"}
{"level":"info","message":"Downloading Package - 97%","timestamp":"2022-10-15 14:39:36"}
{"level":"info","message":"Downloading Package - 98%","timestamp":"2022-10-15 14:39:36"}
{"level":"info","message":"Downloading Package - 99%","timestamp":"2022-10-15 14:39:36"}
{"level":"info","message":"Downloading Package - 100%","timestamp":"2022-10-15 14:39:36"}
{"level":"info","message":"Installing package - 1%","timestamp":"2022-10-15 14:39:37"}
{"level":"info","message":"Installing package - 2%","timestamp":"2022-10-15 14:39:37"}
{"level":"info","message":"Installing package - 3%","timestamp":"2022-10-15 14:39:37"}
{"level":"info","message":"Installing package - 4%","timestamp":"2022-10-15 14:39:37"}
{"level":"info","message":"Installing package - 5%","timestamp":"2022-10-15 14:39:37"}
{"level":"info","message":"Installing package - 6%","timestamp":"2022-10-15 14:39:37"}
{"level":"info","message":"Installing package - 7%","timestamp":"2022-10-15 14:39:37"}
{"level":"info","message":"Installing package - 8%","timestamp":"2022-10-15 14:39:37"}
{"level":"info","message":"Installing package - 9%","timestamp":"2022-10-15 14:39:37"}
{"level":"info","message":"Installing package - 10%","timestamp":"2022-10-15 14:39:37"}
{"level":"info","message":"Installing package - 11%","timestamp":"2022-10-15 14:39:37"}
{"level":"info","message":"Installing package - 12%","timestamp":"2022-10-15 14:39:37"}
{"level":"info","message":"Installing package - 13%","timestamp":"2022-10-15 14:39:37"}
{"level":"info","message":"Installing package - 14%","timestamp":"2022-10-15 14:39:37"}
{"level":"info","message":"Installing package - 15%","timestamp":"2022-10-15 14:39:37"}
{"level":"info","message":"Installing package - 16%","timestamp":"2022-10-15 14:39:37"}
{"level":"info","message":"Installing package - 17%","timestamp":"2022-10-15 14:39:37"}
{"level":"info","message":"Installing package - 18%","timestamp":"2022-10-15 14:39:37"}
{"level":"info","message":"Installing package - 19%","timestamp":"2022-10-15 14:39:37"}
{"level":"info","message":"Installing package - 20%","timestamp":"2022-10-15 14:39:37"}
{"level":"info","message":"Installing package - 21%","timestamp":"2022-10-15 14:39:37"}
{"level":"info","message":"Installing package - 22%","timestamp":"2022-10-15 14:39:37"}
{"level":"info","message":"Installing package - 23%","timestamp":"2022-10-15 14:39:37"}
{"level":"info","message":"Installing package - 24%","timestamp":"2022-10-15 14:39:37"}
{"level":"info","message":"Installing package - 25%","timestamp":"2022-10-15 14:39:37"}
{"level":"info","message":"Installing package - 26%","timestamp":"2022-10-15 14:39:37"}
{"level":"info","message":"Installing package - 27%","timestamp":"2022-10-15 14:39:37"}
{"level":"info","message":"Installing package - 28%","timestamp":"2022-10-15 14:39:37"}
{"level":"info","message":"Installing package - 29%","timestamp":"2022-10-15 14:39:37"}
{"level":"info","message":"Installing package - 30%","timestamp":"2022-10-15 14:39:37"}
{"level":"info","message":"Installing package - 31%","timestamp":"2022-10-15 14:39:37"}
{"level":"info","message":"Installing package - 32%","timestamp":"2022-10-15 14:39:37"}
{"level":"info","message":"Installing package - 33%","timestamp":"2022-10-15 14:39:37"}
{"level":"info","message":"Installing package - 34%","timestamp":"2022-10-15 14:39:37"}
{"level":"info","message":"Installing package - 35%","timestamp":"2022-10-15 14:39:37"}
{"level":"info","message":"Installing package - 36%","timestamp":"2022-10-15 14:39:37"}
{"level":"info","message":"Installing package - 37%","timestamp":"2022-10-15 14:39:37"}
{"level":"info","message":"Installing package - 38%","timestamp":"2022-10-15 14:39:37"}
{"level":"info","message":"Installing package - 39%","timestamp":"2022-10-15 14:39:37"}
{"level":"info","message":"Installing package - 40%","timestamp":"2022-10-15 14:39:37"}
{"level":"info","message":"Installing package - 41%","timestamp":"2022-10-15 14:39:37"}
{"level":"info","message":"Installing package - 42%","timestamp":"2022-10-15 14:39:37"}
{"level":"info","message":"Installing package - 43%","timestamp":"2022-10-15 14:39:37"}
{"level":"info","message":"Installing package - 44%","timestamp":"2022-10-15 14:39:37"}
{"level":"info","message":"Installing package - 45%","timestamp":"2022-10-15 14:39:37"}
{"level":"info","message":"Installing package - 46%","timestamp":"2022-10-15 14:39:37"}
{"level":"info","message":"Installing package - 47%","timestamp":"2022-10-15 14:39:37"}
{"level":"info","message":"Installing package - 48%","timestamp":"2022-10-15 14:39:37"}
{"level":"info","message":"Installing package - 49%","timestamp":"2022-10-15 14:39:37"}
{"level":"info","message":"Installing package - 50%","timestamp":"2022-10-15 14:39:37"}
{"level":"info","message":"Installing package - 51%","timestamp":"2022-10-15 14:39:37"}
{"level":"info","message":"Installing package - 52%","timestamp":"2022-10-15 14:39:37"}
{"level":"info","message":"Installing package - 53%","timestamp":"2022-10-15 14:39:37"}
{"level":"info","message":"Installing package - 54%","timestamp":"2022-10-15 14:39:37"}
{"level":"info","message":"Installing package - 55%","timestamp":"2022-10-15 14:39:37"}
{"level":"info","message":"Installing package - 56%","timestamp":"2022-10-15 14:39:37"}
{"level":"info","message":"Installing package - 57%","timestamp":"2022-10-15 14:39:37"}
{"level":"info","message":"Installing package - 58%","timestamp":"2022-10-15 14:39:37"}
{"level":"info","message":"Installing package - 59%","timestamp":"2022-10-15 14:39:37"}
{"level":"info","message":"Installing package - 60%","timestamp":"2022-10-15 14:39:37"}
{"level":"info","message":"Installing package - 61%","timestamp":"2022-10-15 14:39:37"}
{"level":"info","message":"Installing package - 62%","timestamp":"2022-10-15 14:39:37"}
{"level":"info","message":"Installing package - 63%","timestamp":"2022-10-15 14:39:37"}
{"level":"info","message":"Installing package - 64%","timestamp":"2022-10-15 14:39:37"}
{"level":"info","message":"Installing package - 65%","timestamp":"2022-10-15 14:39:37"}
{"level":"info","message":"Installing package - 66%","timestamp":"2022-10-15 14:39:37"}
{"level":"info","message":"Installing package - 67%","timestamp":"2022-10-15 14:39:37"}
{"level":"info","message":"Installing package - 68%","timestamp":"2022-10-15 14:39:37"}
{"level":"info","message":"Installing package - 69%","timestamp":"2022-10-15 14:39:37"}
{"level":"info","message":"Installing package - 70%","timestamp":"2022-10-15 14:39:38"}
{"level":"info","message":"Installing package - 71%","timestamp":"2022-10-15 14:39:38"}
{"level":"info","message":"Installing package - 72%","timestamp":"2022-10-15 14:39:38"}
{"level":"info","message":"Installing package - 73%","timestamp":"2022-10-15 14:39:38"}
{"level":"info","message":"Installing package - 74%","timestamp":"2022-10-15 14:39:38"}
{"level":"info","message":"Installing package - 75%","timestamp":"2022-10-15 14:39:38"}
{"level":"info","message":"Installing package - 76%","timestamp":"2022-10-15 14:39:38"}
{"level":"info","message":"Installing package - 77%","timestamp":"2022-10-15 14:39:38"}
{"level":"info","message":"Installing package - 78%","timestamp":"2022-10-15 14:39:38"}
{"level":"info","message":"Installing package - 79%","timestamp":"2022-10-15 14:39:38"}
{"level":"info","message":"Installing package - 80%","timestamp":"2022-10-15 14:39:38"}
{"level":"info","message":"Installing package - 81%","timestamp":"2022-10-15 14:39:38"}
{"level":"info","message":"Installing package - 82%","timestamp":"2022-10-15 14:39:38"}
{"level":"info","message":"Installing package - 83%","timestamp":"2022-10-15 14:39:38"}
{"level":"info","message":"Installing package - 84%","timestamp":"2022-10-15 14:39:38"}
{"level":"info","message":"Installing package - 85%","timestamp":"2022-10-15 14:39:38"}
{"level":"info","message":"Installing package - 86%","timestamp":"2022-10-15 14:39:38"}
{"level":"info","message":"Installing package - 87%","timestamp":"2022-10-15 14:39:38"}
{"level":"info","message":"Installing package - 88%","timestamp":"2022-10-15 14:39:38"}
{"level":"info","message":"Installing package - 89%","timestamp":"2022-10-15 14:39:38"}
{"level":"info","message":"Installing package - 90%","timestamp":"2022-10-15 14:39:38"}
{"level":"info","message":"Installing package - 91%","timestamp":"2022-10-15 14:39:38"}
{"level":"info","message":"Installing package - 92%","timestamp":"2022-10-15 14:39:38"}
{"level":"info","message":"Installing package - 93%","timestamp":"2022-10-15 14:39:38"}
{"level":"info","message":"Installing package - 94%","timestamp":"2022-10-15 14:39:38"}
{"level":"info","message":"Installing package - 95%","timestamp":"2022-10-15 14:39:38"}
{"level":"info","message":"Installing package - 96%","timestamp":"2022-10-15 14:39:38"}
{"level":"info","message":"Installing package - 97%","timestamp":"2022-10-15 14:39:38"}
{"level":"info","message":"Installing package - 98%","timestamp":"2022-10-15 14:39:38"}
{"level":"info","message":"Installing package - 99%","timestamp":"2022-10-15 14:39:38"}
{"level":"info","message":"Installing package - 100%","timestamp":"2022-10-15 14:39:38"}
{"level":"warn","message":"Package alienrpg-corerules contains 20 compendium definitions that still use the deprecated 'entity' field instead of 'type'.","timestamp":"2022-10-15 14:39:38"}
{"level":"warn","message":"Package alienrpg-starterset contains 13 compendium definitions that still use the deprecated 'entity' field instead of 'type'.","timestamp":"2022-10-15 14:39:38"}
{"level":"info","message":"Vending Package - 100%","timestamp":"2022-10-15 14:39:38"}
{"level":"info","message":"airlock.jpg saved to User Data storage","timestamp":"2022-10-15 14:40:05"}
{"level":"info","message":"FoundryVTT | Created Setting with id [UvuK7Rk5KXwor6QK]","timestamp":"2022-10-15 14:40:42"}
{"level":"info","message":"FoundryVTT | Created Setting with id [T081uF6V51zwHQuk]","timestamp":"2022-10-15 14:40:42"}
{"level":"info","message":"FoundryVTT | Created User with id [rS4UGcVJp4e6YrUz]","timestamp":"2022-10-15 14:40:42"}
{"level":"warn","message":"Package alienrpg-corerules contains 20 compendium definitions that still use the deprecated 'entity' field instead of 'type'.","timestamp":"2022-10-15 14:40:42"}
{"level":"warn","message":"Package alienrpg-starterset contains 13 compendium definitions that still use the deprecated 'entity' field instead of 'type'.","timestamp":"2022-10-15 14:40:42"}
{"ip":"::ffff:172.18.0.1","level":"info","message":"User authentication successful for user Gamemaster","session":"b9be66141bf224b70f962794","timestamp":"2022-10-15 14:40:45"}
{"level":"info","message":"No system update is currently available.","timestamp":"2022-10-15 14:40:47"}
{"level":"info","message":"Vended World data to User [rS4UGcVJp4e6YrUz] in 1064ms","timestamp":"2022-10-15 14:40:47"}
{"level":"info","message":"FoundryVTT | Created Setting with id [PyHkunl9h6Z5visG]","timestamp":"2022-10-15 14:40:48"}
{"level":"info","message":"FoundryVTT | Created Folder with id [ZBTfmz0WsdyId7EV]","timestamp":"2022-10-15 14:40:48"}
{"level":"info","message":"FoundryVTT | Created 2 ChatMessage documents with ids: [Bf6NK6fC7Jj8YyTJ,yKOny5h99q72zfHO]","timestamp":"2022-10-15 14:40:48"}
{"level":"info","message":"FoundryVTT | Created Folder with id [EzxGNNRoKwHo1zFY]","timestamp":"2022-10-15 14:40:48"}
{"level":"info","message":"FoundryVTT | Created Folder with id [v3viEiDLviPr4tvC]","timestamp":"2022-10-15 14:40:48"}
{"level":"info","message":"FoundryVTT | Created RollTable with id [QeqhzWMkQhuskLfy]","timestamp":"2022-10-15 14:40:48"}
{"level":"info","message":"FoundryVTT | Created Folder with id [f1rwPOfmhTHxAsyC]","timestamp":"2022-10-15 14:40:48"}
{"level":"info","message":"FoundryVTT | Created Item with id [oJSVICvp57xSn3qQ]","timestamp":"2022-10-15 14:40:48"}
{"level":"info","message":"FoundryVTT | Created Item with id [YzTZDBrpXmqaA6XP]","timestamp":"2022-10-15 14:40:48"}
{"level":"info","message":"FoundryVTT | Created Item with id [RAcmvqbuaY7mL6jM]","timestamp":"2022-10-15 14:40:48"}
{"level":"info","message":"FoundryVTT | Created Item with id [p6tSUZBQNyPRvRbP]","timestamp":"2022-10-15 14:40:48"}
{"level":"info","message":"FoundryVTT | Created Item with id [zfbgADE8JR8XFfrg]","timestamp":"2022-10-15 14:40:48"}
{"level":"info","message":"FoundryVTT | Created Item with id [ywnfKt5q1pdPBSYs]","timestamp":"2022-10-15 14:40:48"}
{"level":"info","message":"FoundryVTT | Created Item with id [3NAYuoMGtIkLK2Fg]","timestamp":"2022-10-15 14:40:48"}
{"level":"info","message":"FoundryVTT | Created Item with id [nrRgi5FWpBeG10hF]","timestamp":"2022-10-15 14:40:48"}
{"level":"info","message":"FoundryVTT | Created Item with id [bcZThUCUMw2bfrE3]","timestamp":"2022-10-15 14:40:48"}
{"level":"info","message":"FoundryVTT | Created JournalEntry with id [2hqzhujZDDGFiSi2]","timestamp":"2022-10-15 14:40:48"}
{"level":"info","message":"FoundryVTT | Created Setting with id [UgnVjocNR8e6GA9K]","timestamp":"2022-10-15 14:40:48"}
{"level":"info","message":"FoundryVTT | Created ChatMessage with id [Gw5fAMzY7GZkoDVD]","timestamp":"2022-10-15 14:40:48"}
{"level":"info","message":"FoundryVTT | Created Item with id [lFf7TZbBk7Gek5VW]","timestamp":"2022-10-15 14:40:48"}
{"level":"info","message":"FoundryVTT | Created ChatMessage with id [0YL3U8mFUBfmunKh]","timestamp":"2022-10-15 14:40:48"}
{"level":"info","message":"FoundryVTT | Created Item with id [xhMT0a1m30OawXRC]","timestamp":"2022-10-15 14:40:48"}
{"level":"info","message":"FoundryVTT | Created Item with id [vN5ow6PMpMGYcH5T]","timestamp":"2022-10-15 14:40:48"}
{"level":"info","message":"FoundryVTT | Created Setting with id [1fLtt3TPHUlIrdms]","timestamp":"2022-10-15 14:40:48"}
{"level":"info","message":"Migrating alienrpg.skill-stunts Compendium to updated system template version.","timestamp":"2022-10-15 14:40:48"}
{"level":"info","message":"Migrated Item Piloting in Compendium pack alienrpg.skill-stunts","timestamp":"2022-10-15 14:40:48"}
{"level":"info","message":"Migrated Item Command in Compendium pack alienrpg.skill-stunts","timestamp":"2022-10-15 14:40:48"}
{"level":"info","message":"Migrated Item Medical Aid in Compendium pack alienrpg.skill-stunts","timestamp":"2022-10-15 14:40:48"}
{"level":"info","message":"Migrated Item Heavy Machinery in Compendium pack alienrpg.skill-stunts","timestamp":"2022-10-15 14:40:48"}
{"level":"info","message":"Migrated Item Observation in Compendium pack alienrpg.skill-stunts","timestamp":"2022-10-15 14:40:48"}
{"level":"info","message":"Migrated Item Stamina in Compendium pack alienrpg.skill-stunts","timestamp":"2022-10-15 14:40:48"}
{"level":"info","message":"Migrated Item Manipulation in Compendium pack alienrpg.skill-stunts","timestamp":"2022-10-15 14:40:48"}
{"level":"info","message":"Migrated Item Mobility in Compendium pack alienrpg.skill-stunts","timestamp":"2022-10-15 14:40:48"}
{"level":"info","message":"Migrated Item Comtech in Compendium pack alienrpg.skill-stunts","timestamp":"2022-10-15 14:40:48"}
{"level":"info","message":"Migrated Item Close Combat in Compendium pack alienrpg.skill-stunts","timestamp":"2022-10-15 14:40:48"}
{"level":"info","message":"Migrated Item Ranged Combat in Compendium pack alienrpg.skill-stunts","timestamp":"2022-10-15 14:40:48"}
{"level":"info","message":"Migrated Item Survival in Compendium pack alienrpg.skill-stunts","timestamp":"2022-10-15 14:40:48"}
{"level":"info","message":"Compacted database file for alienrpg.skill-stunts","timestamp":"2022-10-15 14:40:48"}
{"level":"info","message":"Migrated all 12 Item Documents in Compendium pack alienrpg.skill-stunts","timestamp":"2022-10-15 14:40:48"}
{"level":"info","message":"FoundryVTT | Created Setting with id [cbg17FAaUk1IeOeq]","timestamp":"2022-10-15 14:40:48"}
{"level":"info","message":"FoundryVTT | Created Setting with id [67hBXgl0M0vMLpy1]","timestamp":"2022-10-15 14:41:54"}
{"level":"info","message":"Vended World data to User [rS4UGcVJp4e6YrUz] in 164ms","timestamp":"2022-10-15 14:41:54"}
{"level":"info","message":"FoundryVTT | Created Setting with id [KQgFnmfxZnMffzPH]","timestamp":"2022-10-15 14:41:55"}
{"level":"info","message":"FoundryVTT | Created Folder with id [mTtkeb1FeRqOCEvf]","timestamp":"2022-10-15 14:42:02"}
{"level":"info","message":"FoundryVTT | Created Folder with id [b2U1hTLknQ3MwJWn]","timestamp":"2022-10-15 14:42:02"}
{"level":"info","message":"FoundryVTT | Created Folder with id [rJnK1AtcQ9R8EVG1]","timestamp":"2022-10-15 14:42:02"}
{"level":"info","message":"FoundryVTT | Created Folder with id [MlSgceJz7vQ6Cm87]","timestamp":"2022-10-15 14:42:02"}
{"level":"info","message":"FoundryVTT | Created Folder with id [suPlGSZ648d3sChX]","timestamp":"2022-10-15 14:42:02"}
{"level":"info","message":"FoundryVTT | Created Folder with id [BzAS7847qPPFDoBn]","timestamp":"2022-10-15 14:42:02"}
{"level":"info","message":"FoundryVTT | Created Folder with id [sYOuAZYTn0HGo9HG]","timestamp":"2022-10-15 14:42:02"}
{"level":"info","message":"FoundryVTT | Created Folder with id [TQOPTBvCQ8IPP1BS]","timestamp":"2022-10-15 14:42:02"}
{"level":"info","message":"FoundryVTT | Created 3 RollTable documents with ids: [PwNSORzIqERBYoHv,CUhR5nPMD8lrVGQg,FBxiZ4zN2CU70zf7]","timestamp":"2022-10-15 14:42:02"}
{"level":"info","message":"FoundryVTT | Created Folder with id [qv4idcYKPwnMremZ]","timestamp":"2022-10-15 14:42:02"}
{"level":"info","message":"FoundryVTT | Created Folder with id [47G9pK6QIp5JcB4f]","timestamp":"2022-10-15 14:42:02"}
{"level":"info","message":"FoundryVTT | Created Folder with id [lNXjcKZRQZwE3pOK]","timestamp":"2022-10-15 14:42:02"}
{"level":"info","message":"FoundryVTT | Created 4 JournalEntry documents with ids: [DpOMrHtQ1mKeskoD,JEXRBREzTICe28C7,tyqv7nkOwWmsmqyt,0QkS1nr9mShfenHz]","timestamp":"2022-10-15 14:42:02"}
{"level":"info","message":"FoundryVTT | Created 4 Scene documents with ids: [aiRk5sjIpbutkJ3x,n57aWkOiLCocZdWb,djVGMJFIdufY9vTF,7nk7snxeGLesGn14]","timestamp":"2022-10-15 14:42:02"}
{"level":"info","message":"FoundryVTT | Created Folder with id [orD9d0ZSyjN5Lhs9]","timestamp":"2022-10-15 14:42:02"}
{"level":"info","message":"FoundryVTT | Created Folder with id [RvXrz6xgpieLnxg1]","timestamp":"2022-10-15 14:42:02"}
{"level":"info","message":"FoundryVTT | Created 7 Item documents","timestamp":"2022-10-15 14:42:02"}
{"level":"info","message":"FoundryVTT | Created Folder with id [TDHRlfbGXLbEXRmw]","timestamp":"2022-10-15 14:42:02"}
{"level":"info","message":"FoundryVTT | Created 18 JournalEntry documents","timestamp":"2022-10-15 14:42:02"}
{"level":"info","message":"FoundryVTT | Created 51 Item documents","timestamp":"2022-10-15 14:42:02"}
{"level":"info","message":"Activating scene Chariot of the Gods [djljt6X0xej0C8x9]","timestamp":"2022-10-15 14:42:02"}
{"level":"info","message":"FoundryVTT | Created Folder with id [XJH9wq8omzhS8jYb]","timestamp":"2022-10-15 14:42:02"}
{"level":"info","message":"FoundryVTT | Created RollTable with id [AeMtMF6f1s7NxclR]","timestamp":"2022-10-15 14:42:02"}
{"level":"info","message":"FoundryVTT | Created 6 Scene documents","timestamp":"2022-10-15 14:42:03"}
{"level":"info","message":"FoundryVTT | Created 17 JournalEntry documents","timestamp":"2022-10-15 14:42:03"}
{"level":"info","message":"FoundryVTT | Created 22 Item documents","timestamp":"2022-10-15 14:42:03"}
{"level":"info","message":"FoundryVTT | Created 7 Item documents","timestamp":"2022-10-15 14:42:03"}
{"level":"info","message":"FoundryVTT | Created 22 Item documents","timestamp":"2022-10-15 14:42:03"}
{"level":"info","message":"FoundryVTT | Created 5 RollTable documents with ids: [vNvFSV1i2gDpi5uJ,MzbAYgps0zYNS33j,l4KNbuKbgEjqjeET,c10MiWdaa9Pl6bMN,l1zGsG0TecUQO11S]","timestamp":"2022-10-15 14:42:03"}
{"level":"info","message":"FoundryVTT | Created 10 Actor documents","timestamp":"2022-10-15 14:42:03"}
{"level":"info","message":"FoundryVTT | Created Folder with id [5iQ95I2j8oBCnF0f]","timestamp":"2022-10-15 14:42:03"}
{"level":"info","message":"FoundryVTT | Created Folder with id [yOYDS9lvb0wPQruV]","timestamp":"2022-10-15 14:42:03"}
{"level":"info","message":"FoundryVTT | Created 6 JournalEntry documents","timestamp":"2022-10-15 14:42:03"}
{"level":"info","message":"FoundryVTT | Created 5 Actor documents with ids: [h5czTg41nP5UKvkh,i9OEr43wPyTavZpO,9I9qoDd7M4UFnoTh,o2SRHA7NgeXl3HKR,e1VqKvdCzYst5aAL]","timestamp":"2022-10-15 14:42:03"}
{"level":"info","message":"FoundryVTT | Created Folder with id [Rtu4AunRiVvbNrbu]","timestamp":"2022-10-15 14:42:03"}
{"level":"info","message":"FoundryVTT | Created Folder with id [Itkj31uk47xwP5KZ]","timestamp":"2022-10-15 14:42:03"}
{"level":"info","message":"FoundryVTT | Created 3 JournalEntry documents with ids: [0GSV4lp54UCAuKEZ,u2XYtxKLAve2OgII,chl0VtP4J5eMXtRp]","timestamp":"2022-10-15 14:42:03"}
{"level":"info","message":"FoundryVTT | Created 9 Actor documents","timestamp":"2022-10-15 14:42:03"}
{"level":"info","message":"FoundryVTT | Created Setting with id [V51WZ7SiI0gTuJhy]","timestamp":"2022-10-15 14:42:04"}
{"level":"info","message":"Activating scene Core Rules Cover [n57aWkOiLCocZdWb]","timestamp":"2022-10-15 14:42:04"}
{"level":"info","message":"Compacted database file for items","timestamp":"2022-10-15 14:42:05"}
{"level":"info","message":"Compacted database file for journal","timestamp":"2022-10-15 14:42:05"}
{"level":"info","message":"Activating scene Cronus Deck A [QHf1dDtHd7n2txdE]","timestamp":"2022-10-15 14:43:05"}
{"level":"info","message":"Vended World data to User [rS4UGcVJp4e6YrUz] in 285ms","timestamp":"2022-10-15 14:43:31"}
{"level":"info","message":"FoundryVTT | Created Setting with id [pQ11FKlPP75mBpLz]","timestamp":"2022-10-15 14:43:32"}
{"level":"info","message":"FoundryVTT | Created Folder with id [jMCHPNVFXnAJVIrI]","timestamp":"2022-10-15 14:43:36"}
{"level":"info","message":"FoundryVTT | Created Folder with id [qeG8oLbqeQgOv8uP]","timestamp":"2022-10-15 14:43:36"}
{"level":"info","message":"FoundryVTT | Created Folder with id [nUs9gvWXQmhLYuJO]","timestamp":"2022-10-15 14:43:36"}
{"level":"info","message":"FoundryVTT | Created Folder with id [D81iAuXs6jph8fM9]","timestamp":"2022-10-15 14:43:36"}
{"level":"info","message":"FoundryVTT | Created Folder with id [w0yQ6AjkQfFk0SC8]","timestamp":"2022-10-15 14:43:36"}
{"level":"info","message":"FoundryVTT | Created 20 Item documents","timestamp":"2022-10-15 14:43:36"}
{"level":"info","message":"FoundryVTT | Created Folder with id [D2b6SfDieYag0asd]","timestamp":"2022-10-15 14:43:36"}
{"level":"info","message":"FoundryVTT | Created 54 JournalEntry documents","timestamp":"2022-10-15 14:43:36"}
{"level":"info","message":"FoundryVTT | Created Folder with id [k2vwj7WcjpeOoLk6]","timestamp":"2022-10-15 14:43:36"}
{"level":"info","message":"FoundryVTT | Created 10 RollTable documents","timestamp":"2022-10-15 14:43:36"}
{"level":"info","message":"FoundryVTT | Created Folder with id [s9F9AAHJehWsCc6C]","timestamp":"2022-10-15 14:43:36"}
{"level":"info","message":"FoundryVTT | Created Scene with id [2X6b503UgsqIW11e]","timestamp":"2022-10-15 14:43:36"}
{"level":"info","message":"FoundryVTT | Created Folder with id [CKnDtzfdjI3R3mo3]","timestamp":"2022-10-15 14:43:37"}
{"level":"info","message":"FoundryVTT | Created Folder with id [iRI1E8h2fpu03BpD]","timestamp":"2022-10-15 14:43:37"}
{"level":"info","message":"FoundryVTT | Created Folder with id [2ZunmtaXki6FxvwM]","timestamp":"2022-10-15 14:43:37"}
{"level":"info","message":"FoundryVTT | Created Folder with id [8kf9H3rbJSCbgYwW]","timestamp":"2022-10-15 14:43:37"}
{"level":"info","message":"FoundryVTT | Created 5 JournalEntry documents with ids: [SAU5Ppue2tyvP76G,jpbJcGNgnradgkm4,WgFkMNzqcgxHw96j,mrRxI33CpS3LhqOd,edKZuQd2zs1YUN0V]","timestamp":"2022-10-15 14:43:37"}
{"level":"info","message":"FoundryVTT | Created Folder with id [N3DPtoTJhjf91Wh9]","timestamp":"2022-10-15 14:43:37"}
{"level":"info","message":"FoundryVTT | Created Folder with id [KYkkTRH6VeItxVLu]","timestamp":"2022-10-15 14:43:37"}
{"level":"info","message":"FoundryVTT | Created 3 Scene documents with ids: [qyy3U5gX0eoLKWcv,XNraQiTGrI8x4fxr,yTtJXP9tJ2paF2Gy]","timestamp":"2022-10-15 14:43:37"}
{"level":"info","message":"FoundryVTT | Created 14 RollTable documents","timestamp":"2022-10-15 14:43:37"}
{"level":"info","message":"FoundryVTT | Created 23 Item documents","timestamp":"2022-10-15 14:43:37"}
{"level":"info","message":"FoundryVTT | Created 21 JournalEntry documents","timestamp":"2022-10-15 14:43:37"}
{"level":"info","message":"FoundryVTT | Created 4 Actor documents with ids: [qBZcWliKmH2zgeo8,zoT9cyUuGsW9irFT,gUqkZgSX5suRsNvG,ePD31cS5B1JNu94V]","timestamp":"2022-10-15 14:43:37"}
{"level":"info","message":"FoundryVTT | Created 31 Item documents","timestamp":"2022-10-15 14:43:37"}
{"level":"info","message":"FoundryVTT | Created 7 Item documents","timestamp":"2022-10-15 14:43:37"}
{"level":"info","message":"FoundryVTT | Created 3 Scene documents with ids: [SH8N9ruLCZcHW6za,WemMFWUtvLSeeKbM,rmHcFhuCONn5HwPW]","timestamp":"2022-10-15 14:43:37"}
{"level":"info","message":"FoundryVTT | Created 17 JournalEntry documents","timestamp":"2022-10-15 14:43:38"}
{"level":"info","message":"FoundryVTT | Created 25 Actor documents","timestamp":"2022-10-15 14:43:38"}
{"level":"info","message":"FoundryVTT | Created 2 Actor documents with ids: [waFvEX1DMcjJI8HA,m6ehJwzcy6ZI3xjU]","timestamp":"2022-10-15 14:43:38"}
{"level":"info","message":"FoundryVTT | Created 9 RollTable documents","timestamp":"2022-10-15 14:43:38"}
{"level":"info","message":"FoundryVTT | Created Folder with id [jHMWE8DhzuW7hi0E]","timestamp":"2022-10-15 14:43:38"}
{"level":"info","message":"FoundryVTT | Created Folder with id [2QhM4Uz9PuQ4MK4R]","timestamp":"2022-10-15 14:43:38"}
{"level":"info","message":"FoundryVTT | Created Folder with id [7BhgmHcvvmMTfDpt]","timestamp":"2022-10-15 14:43:38"}
{"level":"info","message":"FoundryVTT | Created JournalEntry with id [3Nar4I2NiAy8M54L]","timestamp":"2022-10-15 14:43:38"}
{"level":"info","message":"FoundryVTT | Created 15 Actor documents","timestamp":"2022-10-15 14:43:38"}
{"level":"info","message":"FoundryVTT | Created 5 Actor documents with ids: [WeY3vPTmrVRFVmd5,Ze6AESRhETsIyt3j,NCgIiNfguC5xHpua,kSTWhCW6RvtuPtDa,WM2UFTgrHqJ1IVCd]","timestamp":"2022-10-15 14:43:38"}
{"level":"info","message":"FoundryVTT | Created Folder with id [dLb5aBkL4PXm6zqM]","timestamp":"2022-10-15 14:43:38"}
{"level":"info","message":"FoundryVTT | Created 5 Actor documents with ids: [9ZW6D4oI1HI8mqIG,xbOnoTWvSqj8CFAM,crL9cpL1Xoop9DFx,ERdlxIXT9VzvBjMg,x8tv1xlDdKSB5JDt]","timestamp":"2022-10-15 14:43:39"}
{"level":"info","message":"FoundryVTT | Created Folder with id [b8wxYP8TQt5ahg6d]","timestamp":"2022-10-15 14:43:39"}
{"level":"info","message":"FoundryVTT | Created 6 Actor documents","timestamp":"2022-10-15 14:43:39"}
{"level":"info","message":"FoundryVTT | Created Setting with id [YEvaMRJQkHzlEqt7]","timestamp":"2022-10-15 14:43:39"}
{"level":"info","message":"Activating scene Core Rules Cover [n57aWkOiLCocZdWb]","timestamp":"2022-10-15 14:43:39"}
{"level":"info","message":"Compacted database file for items","timestamp":"2022-10-15 14:43:39"}
{"level":"info","message":"Compacted database file for journal","timestamp":"2022-10-15 14:43:40"}
{"level":"info","message":"Compacted database file for actors","timestamp":"2022-10-15 14:43:41"}
{"level":"info","message":"Activating scene Station Cabin [SH8N9ruLCZcHW6za]","timestamp":"2022-10-15 14:45:24"}
{"level":"info","message":"FoundryVTT | Created User with id [7Ux4NsDeuptlZbob]","timestamp":"2022-10-15 14:46:18"}
{"level":"info","message":"FoundryVTT | Created User with id [MAE7QAtromT5yDqI]","timestamp":"2022-10-15 14:46:18"}
{"level":"info","message":"FoundryVTT | Created User with id [3arHLAoslhqB0WpI]","timestamp":"2022-10-15 14:46:18"}
{"level":"info","message":"Vended World data to User [rS4UGcVJp4e6YrUz] in 92ms","timestamp":"2022-10-15 14:46:57"}
{"level":"info","message":"Toggling game pause status to false","timestamp":"2022-10-15 14:47:19"}
{"level":"info","message":"Toggling game pause status to true","timestamp":"2022-10-15 14:47:29"}
{"level":"info","message":"Toggling game pause status to false","timestamp":"2022-10-15 14:47:29"}
{"level":"info","message":"Toggling game pause status to true","timestamp":"2022-10-15 14:47:30"}
{"level":"info","message":"Toggling game pause status to false","timestamp":"2022-10-15 14:47:30"}
{"level":"info","message":"FoundryVTT | Created Item with id [FsYbPgira5gClQ9K] in parent Actor [h5czTg41nP5UKvkh]","timestamp":"2022-10-15 14:49:56"}
{"level":"info","message":"FoundryVTT | Created ChatMessage with id [90U7gj1pliNP2w0s]","timestamp":"2022-10-15 14:50:32"}
{"level":"info","message":"FoundryVTT | Created ChatMessage with id [p2NZoCbtvzEuRSTf]","timestamp":"2022-10-15 14:50:42"}
{"level":"info","message":"FoundryVTT | Created ChatMessage with id [5SgQQQLcBsex8bYT]","timestamp":"2022-10-15 14:51:35"}
{"level":"info","message":"FoundryVTT | Deleted ChatMessage with id [5SgQQQLcBsex8bYT]","timestamp":"2022-10-15 14:51:41"}
{"level":"info","message":"FoundryVTT | Deleted ChatMessage with id [p2NZoCbtvzEuRSTf]","timestamp":"2022-10-15 14:51:43"}
{"level":"info","message":"FoundryVTT | Deleted ChatMessage with id [90U7gj1pliNP2w0s]","timestamp":"2022-10-15 14:51:45"}
{"level":"info","message":"FoundryVTT | Created ChatMessage with id [ToW90IFPyGegDRnK]","timestamp":"2022-10-15 14:51:54"}
{"level":"info","message":"FoundryVTT | Deleted ChatMessage with id [ToW90IFPyGegDRnK]","timestamp":"2022-10-15 14:51:57"}
{"level":"info","message":"FoundryVTT | Created Token with id [ShmBWNULg7dCFD7e] in parent Scene [SH8N9ruLCZcHW6za]","timestamp":"2022-10-15 14:53:38"}
{"level":"info","message":"FoundryVTT | Created FogExploration with id [fWfR5urQ3u3KquUx]","timestamp":"2022-10-15 14:54:09"}
{"level":"info","message":"FoundryVTT | Deleted Token with id [ShmBWNULg7dCFD7e] in parent Scene [SH8N9ruLCZcHW6za]","timestamp":"2022-10-15 14:56:34"}
{"level":"info","message":"FoundryVTT | Created Token with id [CCZSDuXG5xR0A07y] in parent Scene [SH8N9ruLCZcHW6za]","timestamp":"2022-10-15 15:00:39"}
{"level":"info","message":"Compacted database file for scenes","timestamp":"2022-10-15 15:04:17"}
{"level":"info","message":"FoundryVTT | Created Token with id [CIVdwrMXBqWrpIww] in parent Scene [SH8N9ruLCZcHW6za]","timestamp":"2022-10-15 15:05:04"}
{"level":"info","message":"FoundryVTT | Deleted Token with id [CIVdwrMXBqWrpIww] in parent Scene [SH8N9ruLCZcHW6za]","timestamp":"2022-10-15 15:06:16"}
{"level":"info","message":"FoundryVTT | Deleted Token with id [CCZSDuXG5xR0A07y] in parent Scene [SH8N9ruLCZcHW6za]","timestamp":"2022-10-15 15:06:18"}
{"level":"info","message":"Created client session 2a20229554f4ba7ed8e9a957","timestamp":"2022-10-15 15:22:29"}
{"level":"info","message":"Created client session e4f56b180a0487d9a94602a8","timestamp":"2022-10-15 15:24:13"}
{"ip":"::ffff:192.168.0.1","level":"info","message":"User authentication successful for user Michelle","session":"e4f56b180a0487d9a94602a8","timestamp":"2022-10-15 15:24:29"}
{"level":"info","message":"Vended World data to User [7Ux4NsDeuptlZbob] in 176ms","timestamp":"2022-10-15 15:24:30"}
{"level":"info","message":"FoundryVTT | Created Token with id [R4PdGKfEWzaYHdhN] in parent Scene [SH8N9ruLCZcHW6za]","timestamp":"2022-10-15 15:26:00"}
{"level":"info","message":"FoundryVTT | Deleted Token with id [R4PdGKfEWzaYHdhN] in parent Scene [SH8N9ruLCZcHW6za]","timestamp":"2022-10-15 15:26:23"}
{"level":"info","message":"FoundryVTT | Created Folder with id [qF41o6EMakcUZSNk]","timestamp":"2022-10-15 15:27:24"}
{"level":"info","message":"FoundryVTT | Created Actor with id [VUoVt4X6KgSKb2Vm]","timestamp":"2022-10-15 15:27:58"}
{"level":"info","message":"FoundryVTT | Created Token with id [VqZmPwxdTiDUvlCh] in parent Scene [SH8N9ruLCZcHW6za]","timestamp":"2022-10-15 15:28:50"}
{"level":"info","message":"FoundryVTT | Created FogExploration with id [BnbTSPv01aMmy0zs]","timestamp":"2022-10-15 15:29:30"}
{"level":"info","message":"FoundryVTT | Deleted Token with id [VqZmPwxdTiDUvlCh] in parent Scene [SH8N9ruLCZcHW6za]","timestamp":"2022-10-15 15:32:56"}
{"level":"info","message":"Activating scene Chariot of the Gods [djljt6X0xej0C8x9]","timestamp":"2022-10-15 15:33:36"}
{"level":"info","message":"FoundryVTT | Created Macro with id [093ZkqyPr6ecHZ5M]","timestamp":"2022-10-15 15:35:41"}
{"level":"info","message":"FoundryVTT | Deleted Macro with id [093ZkqyPr6ecHZ5M]","timestamp":"2022-10-15 15:35:51"}
{"level":"info","message":"Activating scene Montero [1CESyut1A53yjvHX]","timestamp":"2022-10-15 15:36:35"}
{"level":"info","message":"FoundryVTT | Created Token with id [TiPs4hOS85Zda0Ck] in parent Scene [1CESyut1A53yjvHX]","timestamp":"2022-10-15 15:37:13"}
{"level":"info","message":"Activating scene Chariot of the Gods [djljt6X0xej0C8x9]","timestamp":"2022-10-15 15:39:25"}
{"level":"info","message":"Activating scene Montero [1CESyut1A53yjvHX]","timestamp":"2022-10-15 15:39:42"}
{"level":"info","message":"FoundryVTT | Deleted Token with id [TiPs4hOS85Zda0Ck] in parent Scene [1CESyut1A53yjvHX]","timestamp":"2022-10-15 15:39:51"}
